<?xml version="1.0" encoding="UTF-8"?>
<!-- Generated by org.testng.reporters.JUnitReportReporter -->
<testsuite hostname="DESKTOP-V6KFFFL" failures="0" tests="1" name="org.testing.Testscripts.TC6" time="150.775" errors="0" timestamp="20 Feb 2021 19:15:02 GMT">
  <testcase classname="org.testing.Testscripts.TC6" name="TestCase6" time="150.775"/>
</testsuite> <!-- org.testing.Testscripts.TC6 -->
