<?xml version="1.0" encoding="UTF-8"?>
<!-- Generated by org.testng.reporters.JUnitReportReporter -->
<testsuite hostname="DESKTOP-V6KFFFL" failures="0" tests="1" name="org.testing.Testscripts.TC7" time="63.589" errors="0" timestamp="18 Jan 2021 19:50:47 GMT">
  <testcase classname="org.testing.Testscripts.TC7" name="TestCase7" time="63.589"/>
</testsuite> <!-- org.testing.Testscripts.TC7 -->
