<?xml version="1.0" encoding="UTF-8"?>
<!-- Generated by org.testng.reporters.JUnitReportReporter -->
<testsuite hostname="DESKTOP-V6KFFFL" failures="0" tests="1" name="org.testing.Testscripts.TC4" time="215.630" errors="0" timestamp="20 Feb 2021 19:15:02 GMT">
  <testcase classname="org.testing.Testscripts.TC4" name="TestCase4" time="215.630"/>
</testsuite> <!-- org.testing.Testscripts.TC4 -->
