<?xml version="1.0" encoding="UTF-8"?>
<!-- Generated by org.testng.reporters.JUnitReportReporter -->
<testsuite hostname="DESKTOP-V6KFFFL" failures="0" tests="1" name="org.testing.Testscripts.TC1" time="82.410" errors="0" timestamp="18 Jan 2021 19:50:47 GMT">
  <testcase classname="org.testing.Testscripts.TC1" name="TestCase1" time="82.410"/>
</testsuite> <!-- org.testing.Testscripts.TC1 -->
