<?xml version="1.0" encoding="UTF-8"?>
<!-- Generated by org.testng.reporters.JUnitReportReporter -->
<testsuite hostname="DESKTOP-V6KFFFL" failures="0" tests="1" name="org.testing.Testscripts.TC5" time="132.122" errors="0" timestamp="20 Feb 2021 19:15:02 GMT">
  <testcase classname="org.testing.Testscripts.TC5" name="TestCase5" time="132.122"/>
</testsuite> <!-- org.testing.Testscripts.TC5 -->
